<?xml version="1.0" encoding="UTF-8"?>
<!-- Generated by org.testng.reporters.JUnitXMLReporter -->
<testsuite ignored="0" hostname="DESKTOP-UGMBOKI" failures="0" tests="5" name="Default test" time="0.103" errors="0" timestamp="2023-02-28T21:57:41 GMT-08:00">
  <testcase classname="TestNG.Bank" name="createAccount" time="0.008"/>
  <testcase classname="TestNG.Bank" name="Deposite" time="0.003"/>
  <testcase classname="TestNG.Bank" name="getPassBook" time="0.002"/>
  <testcase classname="TestNG.Bank" name="applyATM" time="0.006"/>
  <testcase classname="TestNG.Bank" name="Withdraw" time="0.004"/>
</testsuite> <!-- Default test -->
